<?xml version="1.0" encoding="UTF-8"?>
<testsuite xmlns:xsi="http://www.w3.org/2001/XMLSchema-instance" xsi:noNamespaceSchemaLocation="https://maven.apache.org/surefire/maven-surefire-plugin/xsd/surefire-test-report.xsd" name="com.twa.flights.common.dto.itinerary.ItineraryDTOTest" time="0.003" tests="7" errors="0" skipped="0" failures="0">
  <properties>
[...]
</properties>
  <testcase name="hashCodeOk" classname="com.twa.flights.common.dto.itinerary.ItineraryDTOTest" time="0"/>
  <testcase name="settersAndGettersOk" classname="com.twa.flights.common.dto.itinerary.ItineraryDTOTest" time="0"/>
  <testcase name="equalsOk" classname="com.twa.flights.common.dto.itinerary.ItineraryDTOTest" time="0"/>
  <testcase name="notEqualsOk" classname="com.twa.flights.common.dto.itinerary.ItineraryDTOTest" time="0"/>
  <testcase name="toStringOk" classname="com.twa.flights.common.dto.itinerary.ItineraryDTOTest" time="0.002"/>
  <testcase name="constructorFromAttributesOk" classname="com.twa.flights.common.dto.itinerary.ItineraryDTOTest" time="0"/>
  <testcase name="constructorFromDTOOk" classname="com.twa.flights.common.dto.itinerary.ItineraryDTOTest" time="0.001"/>
</testsuite>